\BOOKMARK [1][-]{section.1}{\376\377\000I\000n\000t\000r\000o\000d\000u\000c\000t\000i\000o\000n}{}% 1
\BOOKMARK [1][-]{section.2}{\376\377\000D\000e\000s\000i\000g\000n\000\040\000G\000o\000a\000l\000s}{}% 2
\BOOKMARK [1][-]{section.3}{\376\377\000A\000r\000c\000h\000i\000t\000e\000c\000t\000u\000r\000e}{}% 3
\BOOKMARK [2][-]{subsection.3.1}{\376\377\000L\000a\000y\000e\000r\000\040\000M\000o\000d\000e\000l}{section.3}% 4
\BOOKMARK [2][-]{subsection.3.2}{\376\377\000R\000u\000n\000t\000i\000m\000e\000\040\000C\000o\000r\000e}{section.3}% 5
\BOOKMARK [2][-]{subsection.3.3}{\376\377\000C\000o\000n\000t\000r\000o\000l\000\040\000P\000l\000a\000n\000e}{section.3}% 6
\BOOKMARK [1][-]{section.4}{\376\377\000C\000o\000n\000t\000r\000a\000c\000t\000s}{}% 7
\BOOKMARK [2][-]{subsection.4.1}{\376\377\000T\000a\000s\000k\000\040\000E\000n\000v\000e\000l\000o\000p\000e}{section.4}% 8
\BOOKMARK [2][-]{subsection.4.2}{\376\377\000A\000d\000m\000i\000s\000s\000i\000o\000n}{section.4}% 9
\BOOKMARK [2][-]{subsection.4.3}{\376\377\000P\000r\000o\000d\000u\000c\000t\000i\000o\000n\000\040\000W\000r\000i\000t\000e\000\040\000C\000o\000n\000t\000r\000a\000c\000t}{section.4}% 10
\BOOKMARK [2][-]{subsection.4.4}{\376\377\000A\000r\000t\000i\000f\000a\000c\000t\000\040\000D\000e\000l\000i\000v\000e\000r\000y}{section.4}% 11
\BOOKMARK [2][-]{subsection.4.5}{\376\377\000N\000o\000B\000y\000p\000a\000s\000s}{section.4}% 12
\BOOKMARK [1][-]{section.5}{\376\377\000L\000i\000f\000e\000c\000y\000c\000l\000e}{}% 13
\BOOKMARK [1][-]{section.6}{\376\377\000M\000e\000m\000o\000r\000y\000\040\000a\000n\000d\000\040\000K\000n\000o\000w\000l\000e\000d\000g\000e}{}% 14
\BOOKMARK [1][-]{section.7}{\376\377\000I\000m\000p\000l\000e\000m\000e\000n\000t\000a\000t\000i\000o\000n}{}% 15
\BOOKMARK [1][-]{section.8}{\376\377\000E\000v\000a\000l\000u\000a\000t\000i\000o\000n\000\040\000P\000r\000o\000t\000o\000c\000o\000l}{}% 16
\BOOKMARK [2][-]{subsection.8.1}{\376\377\000L\000a\000y\000e\000r\000e\000d\000\040\000A\000c\000c\000e\000p\000t\000a\000n\000c\000e}{section.8}% 17
\BOOKMARK [2][-]{subsection.8.2}{\376\377\000S\000u\000g\000g\000e\000s\000t\000e\000d\000\040\000M\000e\000t\000r\000i\000c\000s}{section.8}% 18
\BOOKMARK [1][-]{section.9}{\376\377\000R\000e\000l\000a\000t\000e\000d\000\040\000W\000o\000r\000k}{}% 19
\BOOKMARK [1][-]{section.10}{\376\377\000L\000i\000m\000i\000t\000a\000t\000i\000o\000n\000s}{}% 20
\BOOKMARK [1][-]{section.11}{\376\377\000C\000o\000n\000c\000l\000u\000s\000i\000o\000n}{}% 21
